<?xml version="1.0" encoding="UTF-8"?>
<testsuite name="ru.netology.rest.TestPostman" tests="1" skipped="0" failures="0" errors="0" timestamp="2023-05-04T11:31:00" hostname="ACER-ПК" time="7.914">
  <properties/>
  <testcase name="shouldReturnData()" classname="ru.netology.rest.TestPostman" time="7.914"/>
  <system-out><![CDATA[]]></system-out>
  <system-err><![CDATA[]]></system-err>
</testsuite>
